 _____ _____ _____               _ 
|     |     |     |___ ___ ___ _| |
|   --|   --| | | | . |  _| -_| . |
|_____|_____|_|_|_|  _|_| |___|___|
                  |_|              

using CPU (8 thread(s))

Reweighted 221 sequences with threshold 0.8 to Beff=114.498 weight mean=0.518092, min=0.0555556, max=1

Will optimize 706400 32-bit variables

iter	eval	f(x)    	║x║     	║g║     	step
1   	1   	6262.56 	6460.13 	936738.12	0.000771
2   	1   	5737.74 	6465.05 	421658.19	0.000797
3   	1   	5260.55 	6478.73 	201310.8	0.00147
4   	1   	4793.05 	6515.35 	140451.67	0.00313
5   	1   	4367.52 	6590.15 	100348.38	0.00469
6   	2   	4144.46 	6661.66 	61002.629	0.00401
7   	2   	4024.95 	6705.54 	37356.699	0.00332
8   	1   	3922.05 	6748.92 	26030.844	0.00495
9   	2   	3870.76 	6774.5  	16478.324	0.00431
10  	2   	3844.22 	6784.2  	11569.642	0.00366
11  	2   	3828.87 	6785.81 	8144.5288	0.00254
12  	1   	3814.77 	6783.27 	5037.1738	0.00298
13  	2   	3806.9  	6779.04 	3831.5295	0.00251
14  	1   	3799.39 	6772.08 	2607.7583	0.00292
15  	2   	3795.22 	6766.58 	1873.9728	0.00221

Done with status code 0 - Success!

Final fx = 3791.270996

xnorm = 12.5327
Output can be found in 3e7u.ccmpred
